Fisierul numarul 266959:( index 1 ) 
 Numarul de concepte nelematizate  2
 Numarul de aparitii al conceptelor nelematizate 2

 Numarul de concepte lematizate  9
 Numarul de aparitii al conceptelor lematizate 9
 Nr de concepte noi 8
------------------------------------------------------------------------------
Fisierul numarul 266960:( index 2 ) 
 Numarul de concepte nelematizate  0
 Numarul de aparitii al conceptelor nelematizate 0

 Numarul de concepte lematizate  0
 Numarul de aparitii al conceptelor lematizate 0
 Nr de concepte noi 0
------------------------------------------------------------------------------
Fisierul numarul 266961:( index 3 ) 
 Numarul de concepte nelematizate  0
 Numarul de aparitii al conceptelor nelematizate 0

 Numarul de concepte lematizate  0
 Numarul de aparitii al conceptelor lematizate 0
 Nr de concepte noi 0
------------------------------------------------------------------------------
Fisierul numarul 266967:( index 4 ) 
 Numarul de concepte nelematizate  0
 Numarul de aparitii al conceptelor nelematizate 0

 Numarul de concepte lematizate  0
 Numarul de aparitii al conceptelor lematizate 0
 Nr de concepte noi 0
------------------------------------------------------------------------------
Fisierul numarul 266968:( index 5 ) 
 Numarul de concepte nelematizate  0
 Numarul de aparitii al conceptelor nelematizate 0

 Numarul de concepte lematizate  0
 Numarul de aparitii al conceptelor lematizate 0
 Nr de concepte noi 0
------------------------------------------------------------------------------
Fisierul numarul 266970:( index 6 ) 
 Numarul de concepte nelematizate  0
 Numarul de aparitii al conceptelor nelematizate 0

 Numarul de concepte lematizate  0
 Numarul de aparitii al conceptelor lematizate 0
 Nr de concepte noi 0
------------------------------------------------------------------------------
Fisierul numarul 266971:( index 7 ) 
 Numarul de concepte nelematizate  0
 Numarul de aparitii al conceptelor nelematizate 0

 Numarul de concepte lematizate  0
 Numarul de aparitii al conceptelor lematizate 0
 Nr de concepte noi 0
------------------------------------------------------------------------------
Fisierul numarul 266972:( index 8 ) 
 Numarul de concepte nelematizate  0
 Numarul de aparitii al conceptelor nelematizate 0

 Numarul de concepte lematizate  0
 Numarul de aparitii al conceptelor lematizate 0
 Nr de concepte noi 0
------------------------------------------------------------------------------
Fisierul numarul 266974:( index 9 ) 
 Numarul de concepte nelematizate  23
 Numarul de aparitii al conceptelor nelematizate 32

 Numarul de concepte lematizate  19
 Numarul de aparitii al conceptelor lematizate 23
 Nr de concepte noi 16
------------------------------------------------------------------------------
Fisierul numarul 266982:( index 10 ) 
 Numarul de concepte nelematizate  22
 Numarul de aparitii al conceptelor nelematizate 25

 Numarul de concepte lematizate  25
 Numarul de aparitii al conceptelor lematizate 48
 Nr de concepte noi 22
------------------------------------------------------------------------------
Fisierul numarul 266984:( index 11 ) 
 Numarul de concepte nelematizate  75
 Numarul de aparitii al conceptelor nelematizate 98

 Numarul de concepte lematizate  83
 Numarul de aparitii al conceptelor lematizate 153
 Nr de concepte noi 72
------------------------------------------------------------------------------
Fisierul numarul 266988:( index 12 ) 
 Numarul de concepte nelematizate  10
 Numarul de aparitii al conceptelor nelematizate 10

 Numarul de concepte lematizate  6
 Numarul de aparitii al conceptelor lematizate 8
 Nr de concepte noi 6
------------------------------------------------------------------------------
Fisierul numarul 266989:( index 13 ) 
 Numarul de concepte nelematizate  8
 Numarul de aparitii al conceptelor nelematizate 10

 Numarul de concepte lematizate  2
 Numarul de aparitii al conceptelor lematizate 2
 Nr de concepte noi 2
------------------------------------------------------------------------------
Fisierul numarul 266996:( index 14 ) 
 Numarul de concepte nelematizate  2
 Numarul de aparitii al conceptelor nelematizate 2

 Numarul de concepte lematizate  3
 Numarul de aparitii al conceptelor lematizate 4
 Nr de concepte noi 3
------------------------------------------------------------------------------
Fisierul numarul 267001:( index 15 ) 
 Numarul de concepte nelematizate  0
 Numarul de aparitii al conceptelor nelematizate 0

 Numarul de concepte lematizate  0
 Numarul de aparitii al conceptelor lematizate 0
 Nr de concepte noi 0
------------------------------------------------------------------------------
Fisierul numarul 267022:( index 16 ) 
 Numarul de concepte nelematizate  0
 Numarul de aparitii al conceptelor nelematizate 0

 Numarul de concepte lematizate  0
 Numarul de aparitii al conceptelor lematizate 0
 Nr de concepte noi 0
------------------------------------------------------------------------------
Fisierul numarul 267023:( index 17 ) 
 Numarul de concepte nelematizate  15
 Numarul de aparitii al conceptelor nelematizate 17

 Numarul de concepte lematizate  20
 Numarul de aparitii al conceptelor lematizate 29
 Nr de concepte noi 18
------------------------------------------------------------------------------
Fisierul numarul 267024:( index 18 ) 
 Numarul de concepte nelematizate  33
 Numarul de aparitii al conceptelor nelematizate 39

 Numarul de concepte lematizate  35
 Numarul de aparitii al conceptelor lematizate 58
 Nr de concepte noi 30
------------------------------------------------------------------------------
Fisierul numarul 267028:( index 19 ) 
 Numarul de concepte nelematizate  0
 Numarul de aparitii al conceptelor nelematizate 0

 Numarul de concepte lematizate  0
 Numarul de aparitii al conceptelor lematizate 0
 Nr de concepte noi 0
------------------------------------------------------------------------------
Fisierul numarul 267030:( index 20 ) 
 Numarul de concepte nelematizate  0
 Numarul de aparitii al conceptelor nelematizate 0

 Numarul de concepte lematizate  0
 Numarul de aparitii al conceptelor lematizate 0
 Nr de concepte noi 0
------------------------------------------------------------------------------
Fisierul numarul 267035:( index 21 ) 
 Numarul de concepte nelematizate  10
 Numarul de aparitii al conceptelor nelematizate 14

 Numarul de concepte lematizate  20
 Numarul de aparitii al conceptelor lematizate 29
 Nr de concepte noi 18
------------------------------------------------------------------------------
Fisierul numarul 267036:( index 22 ) 
 Numarul de concepte nelematizate  3
 Numarul de aparitii al conceptelor nelematizate 3

 Numarul de concepte lematizate  4
 Numarul de aparitii al conceptelor lematizate 4
 Nr de concepte noi 4
------------------------------------------------------------------------------
Fisierul numarul 267040:( index 23 ) 
 Numarul de concepte nelematizate  9
 Numarul de aparitii al conceptelor nelematizate 10

 Numarul de concepte lematizate  11
 Numarul de aparitii al conceptelor lematizate 13
 Nr de concepte noi 11
------------------------------------------------------------------------------
Fisierul numarul 267042:( index 24 ) 
 Numarul de concepte nelematizate  3
 Numarul de aparitii al conceptelor nelematizate 3

 Numarul de concepte lematizate  3
 Numarul de aparitii al conceptelor lematizate 5
 Nr de concepte noi 3
------------------------------------------------------------------------------
Fisierul numarul 267043:( index 25 ) 
 Numarul de concepte nelematizate  1
 Numarul de aparitii al conceptelor nelematizate 1

 Numarul de concepte lematizate  0
 Numarul de aparitii al conceptelor lematizate 0
 Nr de concepte noi 0
------------------------------------------------------------------------------
Fisierul numarul 267044:( index 26 ) 
 Numarul de concepte nelematizate  1
 Numarul de aparitii al conceptelor nelematizate 1

 Numarul de concepte lematizate  0
 Numarul de aparitii al conceptelor lematizate 0
 Nr de concepte noi 0
------------------------------------------------------------------------------
Fisierul numarul 267045:( index 27 ) 
 Numarul de concepte nelematizate  1
 Numarul de aparitii al conceptelor nelematizate 1

 Numarul de concepte lematizate  0
 Numarul de aparitii al conceptelor lematizate 0
 Nr de concepte noi 0
------------------------------------------------------------------------------
Fisierul numarul 267046:( index 28 ) 
 Numarul de concepte nelematizate  1
 Numarul de aparitii al conceptelor nelematizate 1

 Numarul de concepte lematizate  0
 Numarul de aparitii al conceptelor lematizate 0
 Nr de concepte noi 0
------------------------------------------------------------------------------
Fisierul numarul 267047:( index 29 ) 
 Numarul de concepte nelematizate  1
 Numarul de aparitii al conceptelor nelematizate 1

 Numarul de concepte lematizate  0
 Numarul de aparitii al conceptelor lematizate 0
 Nr de concepte noi 0
------------------------------------------------------------------------------
Fisierul numarul 267048:( index 30 ) 
 Numarul de concepte nelematizate  15
 Numarul de aparitii al conceptelor nelematizate 17

 Numarul de concepte lematizate  9
 Numarul de aparitii al conceptelor lematizate 11
 Nr de concepte noi 7
------------------------------------------------------------------------------
Fisierul numarul 267049:( index 31 ) 
 Numarul de concepte nelematizate  9
 Numarul de aparitii al conceptelor nelematizate 11

 Numarul de concepte lematizate  14
 Numarul de aparitii al conceptelor lematizate 25
 Nr de concepte noi 11
------------------------------------------------------------------------------
Fisierul numarul 267050:( index 32 ) 
 Numarul de concepte nelematizate  22
 Numarul de aparitii al conceptelor nelematizate 23

 Numarul de concepte lematizate  38
 Numarul de aparitii al conceptelor lematizate 69
 Nr de concepte noi 35
------------------------------------------------------------------------------
Fisierul numarul 267053:( index 33 ) 
 Numarul de concepte nelematizate  14
 Numarul de aparitii al conceptelor nelematizate 15

 Numarul de concepte lematizate  8
 Numarul de aparitii al conceptelor lematizate 14
 Nr de concepte noi 8
------------------------------------------------------------------------------
Fisierul numarul 267055:( index 34 ) 
 Numarul de concepte nelematizate  0
 Numarul de aparitii al conceptelor nelematizate 0

 Numarul de concepte lematizate  0
 Numarul de aparitii al conceptelor lematizate 0
 Nr de concepte noi 0
------------------------------------------------------------------------------
Fisierul numarul 267076:( index 35 ) 
 Numarul de concepte nelematizate  0
 Numarul de aparitii al conceptelor nelematizate 0

 Numarul de concepte lematizate  0
 Numarul de aparitii al conceptelor lematizate 0
 Nr de concepte noi 0
------------------------------------------------------------------------------
Fisierul numarul 267077:( index 36 ) 
 Numarul de concepte nelematizate  14
 Numarul de aparitii al conceptelor nelematizate 15

 Numarul de concepte lematizate  4
 Numarul de aparitii al conceptelor lematizate 6
 Nr de concepte noi 3
------------------------------------------------------------------------------
Fisierul numarul 267078:( index 37 ) 
 Numarul de concepte nelematizate  4
 Numarul de aparitii al conceptelor nelematizate 4

 Numarul de concepte lematizate  6
 Numarul de aparitii al conceptelor lematizate 8
 Nr de concepte noi 6
------------------------------------------------------------------------------
Fisierul numarul 267091:( index 38 ) 
 Numarul de concepte nelematizate  10
 Numarul de aparitii al conceptelor nelematizate 10

 Numarul de concepte lematizate  14
 Numarul de aparitii al conceptelor lematizate 24
 Nr de concepte noi 14
------------------------------------------------------------------------------
Fisierul numarul 267094:( index 39 ) 
 Numarul de concepte nelematizate  0
 Numarul de aparitii al conceptelor nelematizate 0

 Numarul de concepte lematizate  0
 Numarul de aparitii al conceptelor lematizate 0
 Nr de concepte noi 0
------------------------------------------------------------------------------
Fisierul numarul 267096:( index 40 ) 
 Numarul de concepte nelematizate  2
 Numarul de aparitii al conceptelor nelematizate 2

 Numarul de concepte lematizate  5
 Numarul de aparitii al conceptelor lematizate 5
 Nr de concepte noi 5
------------------------------------------------------------------------------
Fisierul numarul 267099:( index 41 ) 
 Numarul de concepte nelematizate  0
 Numarul de aparitii al conceptelor nelematizate 0

 Numarul de concepte lematizate  0
 Numarul de aparitii al conceptelor lematizate 0
 Nr de concepte noi 0
------------------------------------------------------------------------------
Fisierul numarul 267101:( index 42 ) 
 Numarul de concepte nelematizate  0
 Numarul de aparitii al conceptelor nelematizate 0

 Numarul de concepte lematizate  0
 Numarul de aparitii al conceptelor lematizate 0
 Nr de concepte noi 0
------------------------------------------------------------------------------
Fisierul numarul 267102:( index 43 ) 
 Numarul de concepte nelematizate  0
 Numarul de aparitii al conceptelor nelematizate 0

 Numarul de concepte lematizate  0
 Numarul de aparitii al conceptelor lematizate 0
 Nr de concepte noi 0
------------------------------------------------------------------------------
Fisierul numarul 267103:( index 44 ) 
 Numarul de concepte nelematizate  0
 Numarul de aparitii al conceptelor nelematizate 0

 Numarul de concepte lematizate  0
 Numarul de aparitii al conceptelor lematizate 0
 Nr de concepte noi 0
------------------------------------------------------------------------------
Fisierul numarul 267104:( index 45 ) 
 Numarul de concepte nelematizate  0
 Numarul de aparitii al conceptelor nelematizate 0

 Numarul de concepte lematizate  0
 Numarul de aparitii al conceptelor lematizate 0
 Nr de concepte noi 0
------------------------------------------------------------------------------
Fisierul numarul 267105:( index 46 ) 
 Numarul de concepte nelematizate  0
 Numarul de aparitii al conceptelor nelematizate 0

 Numarul de concepte lematizate  0
 Numarul de aparitii al conceptelor lematizate 0
 Nr de concepte noi 0
------------------------------------------------------------------------------
Fisierul numarul 267106:( index 47 ) 
 Numarul de concepte nelematizate  0
 Numarul de aparitii al conceptelor nelematizate 0

 Numarul de concepte lematizate  0
 Numarul de aparitii al conceptelor lematizate 0
 Nr de concepte noi 0
------------------------------------------------------------------------------
Fisierul numarul 267107:( index 48 ) 
 Numarul de concepte nelematizate  0
 Numarul de aparitii al conceptelor nelematizate 0

 Numarul de concepte lematizate  0
 Numarul de aparitii al conceptelor lematizate 0
 Nr de concepte noi 0
------------------------------------------------------------------------------
Fisierul numarul 267108:( index 49 ) 
 Numarul de concepte nelematizate  0
 Numarul de aparitii al conceptelor nelematizate 0

 Numarul de concepte lematizate  0
 Numarul de aparitii al conceptelor lematizate 0
 Nr de concepte noi 0
------------------------------------------------------------------------------
Fisierul numarul 267109:( index 50 ) 
 Numarul de concepte nelematizate  0
 Numarul de aparitii al conceptelor nelematizate 0

 Numarul de concepte lematizate  0
 Numarul de aparitii al conceptelor lematizate 0
 Nr de concepte noi 0
------------------------------------------------------------------------------
Fisierul numarul 267110:( index 51 ) 
 Numarul de concepte nelematizate  0
 Numarul de aparitii al conceptelor nelematizate 0

 Numarul de concepte lematizate  0
 Numarul de aparitii al conceptelor lematizate 0
 Nr de concepte noi 0
------------------------------------------------------------------------------
Fisierul numarul 267111:( index 52 ) 
 Numarul de concepte nelematizate  0
 Numarul de aparitii al conceptelor nelematizate 0

 Numarul de concepte lematizate  0
 Numarul de aparitii al conceptelor lematizate 0
 Nr de concepte noi 0
------------------------------------------------------------------------------
Fisierul numarul 267112:( index 53 ) 
 Numarul de concepte nelematizate  0
 Numarul de aparitii al conceptelor nelematizate 0

 Numarul de concepte lematizate  0
 Numarul de aparitii al conceptelor lematizate 0
 Nr de concepte noi 0
------------------------------------------------------------------------------
Fisierul numarul 267113:( index 54 ) 
 Numarul de concepte nelematizate  0
 Numarul de aparitii al conceptelor nelematizate 0

 Numarul de concepte lematizate  0
 Numarul de aparitii al conceptelor lematizate 0
 Nr de concepte noi 0
------------------------------------------------------------------------------
Fisierul numarul 267114:( index 55 ) 
 Numarul de concepte nelematizate  0
 Numarul de aparitii al conceptelor nelematizate 0

 Numarul de concepte lematizate  0
 Numarul de aparitii al conceptelor lematizate 0
 Nr de concepte noi 0
------------------------------------------------------------------------------
Fisierul numarul 267115:( index 56 ) 
 Numarul de concepte nelematizate  0
 Numarul de aparitii al conceptelor nelematizate 0

 Numarul de concepte lematizate  0
 Numarul de aparitii al conceptelor lematizate 0
 Nr de concepte noi 0
------------------------------------------------------------------------------
Fisierul numarul 267117:( index 57 ) 
 Numarul de concepte nelematizate  14
 Numarul de aparitii al conceptelor nelematizate 14

 Numarul de concepte lematizate  10
 Numarul de aparitii al conceptelor lematizate 13
 Nr de concepte noi 8
------------------------------------------------------------------------------
Fisierul numarul 267118:( index 58 ) 
 Numarul de concepte nelematizate  0
 Numarul de aparitii al conceptelor nelematizate 0

 Numarul de concepte lematizate  0
 Numarul de aparitii al conceptelor lematizate 0
 Nr de concepte noi 0
------------------------------------------------------------------------------
Fisierul numarul 267120:( index 59 ) 
 Numarul de concepte nelematizate  9
 Numarul de aparitii al conceptelor nelematizate 10

 Numarul de concepte lematizate  3
 Numarul de aparitii al conceptelor lematizate 3
 Nr de concepte noi 3
------------------------------------------------------------------------------
Fisierul numarul 267121:( index 60 ) 
 Numarul de concepte nelematizate  33
 Numarul de aparitii al conceptelor nelematizate 42

 Numarul de concepte lematizate  25
 Numarul de aparitii al conceptelor lematizate 42
 Nr de concepte noi 22
------------------------------------------------------------------------------
Fisierul numarul 267124:( index 61 ) 
 Numarul de concepte nelematizate  48
 Numarul de aparitii al conceptelor nelematizate 61

 Numarul de concepte lematizate  65
 Numarul de aparitii al conceptelor lematizate 138
 Nr de concepte noi 54
------------------------------------------------------------------------------
Fisierul numarul 267126:( index 62 ) 
 Numarul de concepte nelematizate  10
 Numarul de aparitii al conceptelor nelematizate 10

 Numarul de concepte lematizate  10
 Numarul de aparitii al conceptelor lematizate 15
 Nr de concepte noi 10
------------------------------------------------------------------------------
Fisierul numarul 267127:( index 63 ) 
 Numarul de concepte nelematizate  0
 Numarul de aparitii al conceptelor nelematizate 0

 Numarul de concepte lematizate  0
 Numarul de aparitii al conceptelor lematizate 0
 Nr de concepte noi 0
------------------------------------------------------------------------------
Fisierul numarul 267129:( index 64 ) 
 Numarul de concepte nelematizate  0
 Numarul de aparitii al conceptelor nelematizate 0

 Numarul de concepte lematizate  0
 Numarul de aparitii al conceptelor lematizate 0
 Nr de concepte noi 0
------------------------------------------------------------------------------
Fisierul numarul 267130:( index 65 ) 
 Numarul de concepte nelematizate  11
 Numarul de aparitii al conceptelor nelematizate 11

 Numarul de concepte lematizate  3
 Numarul de aparitii al conceptelor lematizate 4
 Nr de concepte noi 2
------------------------------------------------------------------------------
Fisierul numarul 267131:( index 66 ) 
 Numarul de concepte nelematizate  11
 Numarul de aparitii al conceptelor nelematizate 11

 Numarul de concepte lematizate  6
 Numarul de aparitii al conceptelor lematizate 9
 Nr de concepte noi 5
------------------------------------------------------------------------------
Fisierul numarul 267133:( index 67 ) 
 Numarul de concepte nelematizate  9
 Numarul de aparitii al conceptelor nelematizate 9

 Numarul de concepte lematizate  2
 Numarul de aparitii al conceptelor lematizate 3
 Nr de concepte noi 1
------------------------------------------------------------------------------
Fisierul numarul 267137:( index 68 ) 
 Numarul de concepte nelematizate  6
 Numarul de aparitii al conceptelor nelematizate 6

 Numarul de concepte lematizate  3
 Numarul de aparitii al conceptelor lematizate 5
 Nr de concepte noi 3
------------------------------------------------------------------------------
Fisierul numarul 267138:( index 69 ) 
 Numarul de concepte nelematizate  27
 Numarul de aparitii al conceptelor nelematizate 30

 Numarul de concepte lematizate  24
 Numarul de aparitii al conceptelor lematizate 43
 Nr de concepte noi 24
------------------------------------------------------------------------------
Fisierul numarul 267142:( index 70 ) 
 Numarul de concepte nelematizate  1
 Numarul de aparitii al conceptelor nelematizate 1

 Numarul de concepte lematizate  7
 Numarul de aparitii al conceptelor lematizate 7
 Nr de concepte noi 7
------------------------------------------------------------------------------
Fisierul numarul 267143:( index 71 ) 
 Numarul de concepte nelematizate  1
 Numarul de aparitii al conceptelor nelematizate 1

 Numarul de concepte lematizate  6
 Numarul de aparitii al conceptelor lematizate 6
 Nr de concepte noi 6
------------------------------------------------------------------------------
Fisierul numarul 267144:( index 72 ) 
 Numarul de concepte nelematizate  11
 Numarul de aparitii al conceptelor nelematizate 11

 Numarul de concepte lematizate  14
 Numarul de aparitii al conceptelor lematizate 19
 Nr de concepte noi 14
------------------------------------------------------------------------------
Fisierul numarul 267145:( index 73 ) 
 Numarul de concepte nelematizate  0
 Numarul de aparitii al conceptelor nelematizate 0

 Numarul de concepte lematizate  0
 Numarul de aparitii al conceptelor lematizate 0
 Nr de concepte noi 0
------------------------------------------------------------------------------
Fisierul numarul 267147:( index 74 ) 
 Numarul de concepte nelematizate  18
 Numarul de aparitii al conceptelor nelematizate 18

 Numarul de concepte lematizate  11
 Numarul de aparitii al conceptelor lematizate 20
 Nr de concepte noi 11
------------------------------------------------------------------------------
Fisierul numarul 267148:( index 75 ) 
 Numarul de concepte nelematizate  0
 Numarul de aparitii al conceptelor nelematizate 0

 Numarul de concepte lematizate  0
 Numarul de aparitii al conceptelor lematizate 0
 Nr de concepte noi 0
------------------------------------------------------------------------------
Fisierul numarul 267149:( index 76 ) 
 Numarul de concepte nelematizate  5
 Numarul de aparitii al conceptelor nelematizate 6

 Numarul de concepte lematizate  4
 Numarul de aparitii al conceptelor lematizate 4
 Nr de concepte noi 4
------------------------------------------------------------------------------
Fisierul numarul 267150:( index 77 ) 
 Numarul de concepte nelematizate  0
 Numarul de aparitii al conceptelor nelematizate 0

 Numarul de concepte lematizate  0
 Numarul de aparitii al conceptelor lematizate 0
 Nr de concepte noi 0
------------------------------------------------------------------------------
Fisierul numarul 267154:( index 78 ) 
 Numarul de concepte nelematizate  0
 Numarul de aparitii al conceptelor nelematizate 0

 Numarul de concepte lematizate  0
 Numarul de aparitii al conceptelor lematizate 0
 Nr de concepte noi 0
------------------------------------------------------------------------------
Fisierul numarul 267155:( index 79 ) 
 Numarul de concepte nelematizate  0
 Numarul de aparitii al conceptelor nelematizate 0

 Numarul de concepte lematizate  0
 Numarul de aparitii al conceptelor lematizate 0
 Nr de concepte noi 0
------------------------------------------------------------------------------
Fisierul numarul 267156:( index 80 ) 
 Numarul de concepte nelematizate  0
 Numarul de aparitii al conceptelor nelematizate 0

 Numarul de concepte lematizate  0
 Numarul de aparitii al conceptelor lematizate 0
 Nr de concepte noi 0
------------------------------------------------------------------------------
Fisierul numarul 267157:( index 81 ) 
 Numarul de concepte nelematizate  0
 Numarul de aparitii al conceptelor nelematizate 0

 Numarul de concepte lematizate  0
 Numarul de aparitii al conceptelor lematizate 0
 Nr de concepte noi 0
------------------------------------------------------------------------------
Fisierul numarul 267181:( index 82 ) 
 Numarul de concepte nelematizate  8
 Numarul de aparitii al conceptelor nelematizate 8

 Numarul de concepte lematizate  5
 Numarul de aparitii al conceptelor lematizate 8
 Nr de concepte noi 5
------------------------------------------------------------------------------
Fisierul numarul 267182:( index 83 ) 
 Numarul de concepte nelematizate  21
 Numarul de aparitii al conceptelor nelematizate 26

 Numarul de concepte lematizate  20
 Numarul de aparitii al conceptelor lematizate 41
 Nr de concepte noi 18
------------------------------------------------------------------------------
Fisierul numarul 267183:( index 84 ) 
 Numarul de concepte nelematizate  14
 Numarul de aparitii al conceptelor nelematizate 14

 Numarul de concepte lematizate  11
 Numarul de aparitii al conceptelor lematizate 16
 Nr de concepte noi 11
------------------------------------------------------------------------------
Fisierul numarul 267184:( index 85 ) 
 Numarul de concepte nelematizate  6
 Numarul de aparitii al conceptelor nelematizate 6

 Numarul de concepte lematizate  4
 Numarul de aparitii al conceptelor lematizate 5
 Nr de concepte noi 3
------------------------------------------------------------------------------
Fisierul numarul 267191:( index 86 ) 
 Numarul de concepte nelematizate  16
 Numarul de aparitii al conceptelor nelematizate 16

 Numarul de concepte lematizate  11
 Numarul de aparitii al conceptelor lematizate 16
 Nr de concepte noi 9
------------------------------------------------------------------------------
Fisierul numarul 267195:( index 87 ) 
 Numarul de concepte nelematizate  0
 Numarul de aparitii al conceptelor nelematizate 0

 Numarul de concepte lematizate  2
 Numarul de aparitii al conceptelor lematizate 2
 Nr de concepte noi 2
------------------------------------------------------------------------------
Fisierul numarul 267201:( index 88 ) 
 Numarul de concepte nelematizate  0
 Numarul de aparitii al conceptelor nelematizate 0

 Numarul de concepte lematizate  0
 Numarul de aparitii al conceptelor lematizate 0
 Nr de concepte noi 0
------------------------------------------------------------------------------
Fisierul numarul 267206:( index 89 ) 
 Numarul de concepte nelematizate  127
 Numarul de aparitii al conceptelor nelematizate 260

 Numarul de concepte lematizate  113
 Numarul de aparitii al conceptelor lematizate 375
 Nr de concepte noi 79
------------------------------------------------------------------------------
Fisierul numarul 267209:( index 90 ) 
 Numarul de concepte nelematizate  16
 Numarul de aparitii al conceptelor nelematizate 16

 Numarul de concepte lematizate  9
 Numarul de aparitii al conceptelor lematizate 14
 Nr de concepte noi 8
------------------------------------------------------------------------------
Fisierul numarul 267213:( index 91 ) 
 Numarul de concepte nelematizate  13
 Numarul de aparitii al conceptelor nelematizate 13

 Numarul de concepte lematizate  7
 Numarul de aparitii al conceptelor lematizate 12
 Nr de concepte noi 4
------------------------------------------------------------------------------
Fisierul numarul 267214:( index 92 ) 
 Numarul de concepte nelematizate  0
 Numarul de aparitii al conceptelor nelematizate 0

 Numarul de concepte lematizate  0
 Numarul de aparitii al conceptelor lematizate 0
 Nr de concepte noi 0
------------------------------------------------------------------------------
Fisierul numarul 267215:( index 93 ) 
 Numarul de concepte nelematizate  46
 Numarul de aparitii al conceptelor nelematizate 56

 Numarul de concepte lematizate  26
 Numarul de aparitii al conceptelor lematizate 64
 Nr de concepte noi 24
------------------------------------------------------------------------------
Fisierul numarul 267217:( index 94 ) 
 Numarul de concepte nelematizate  0
 Numarul de aparitii al conceptelor nelematizate 0

 Numarul de concepte lematizate  0
 Numarul de aparitii al conceptelor lematizate 0
 Nr de concepte noi 0
------------------------------------------------------------------------------
Fisierul numarul 267218:( index 95 ) 
 Numarul de concepte nelematizate  0
 Numarul de aparitii al conceptelor nelematizate 0

 Numarul de concepte lematizate  0
 Numarul de aparitii al conceptelor lematizate 0
 Nr de concepte noi 0
------------------------------------------------------------------------------
Fisierul numarul 267220:( index 96 ) 
 Numarul de concepte nelematizate  0
 Numarul de aparitii al conceptelor nelematizate 0

 Numarul de concepte lematizate  0
 Numarul de aparitii al conceptelor lematizate 0
 Nr de concepte noi 0
------------------------------------------------------------------------------
Fisierul numarul 267221:( index 97 ) 
 Numarul de concepte nelematizate  0
 Numarul de aparitii al conceptelor nelematizate 0

 Numarul de concepte lematizate  0
 Numarul de aparitii al conceptelor lematizate 0
 Nr de concepte noi 0
------------------------------------------------------------------------------
Fisierul numarul 267223:( index 98 ) 
 Numarul de concepte nelematizate  0
 Numarul de aparitii al conceptelor nelematizate 0

 Numarul de concepte lematizate  0
 Numarul de aparitii al conceptelor lematizate 0
 Nr de concepte noi 0
------------------------------------------------------------------------------
Fisierul numarul 267224:( index 99 ) 
 Numarul de concepte nelematizate  0
 Numarul de aparitii al conceptelor nelematizate 0

 Numarul de concepte lematizate  0
 Numarul de aparitii al conceptelor lematizate 0
 Nr de concepte noi 0
------------------------------------------------------------------------------
Fisierul numarul 267225:( index 100 ) 
 Numarul de concepte nelematizate  0
 Numarul de aparitii al conceptelor nelematizate 0

 Numarul de concepte lematizate  0
 Numarul de aparitii al conceptelor lematizate 0
 Nr de concepte noi 0
------------------------------------------------------------------------------
 In 46 % din cazuri apar concepte noi dupa lematizare 
